c:\users\jonny gooch\desktop\uni p14141535\year three\imat3451 - computing project\swat_ai\swat_ai\temp\x64\release\vc141.pdb
c:\users\jonny gooch\desktop\uni p14141535\year three\imat3451 - computing project\swat_ai\swat_ai\temp\x64\release\weapon.obj
c:\users\jonny gooch\desktop\uni p14141535\year three\imat3451 - computing project\swat_ai\swat_ai\temp\x64\release\textureloader.obj
c:\users\jonny gooch\desktop\uni p14141535\year three\imat3451 - computing project\swat_ai\swat_ai\temp\x64\release\soundwave.obj
c:\users\jonny gooch\desktop\uni p14141535\year three\imat3451 - computing project\swat_ai\swat_ai\temp\x64\release\soundmanager.obj
c:\users\jonny gooch\desktop\uni p14141535\year three\imat3451 - computing project\swat_ai\swat_ai\temp\x64\release\settings.obj
c:\users\jonny gooch\desktop\uni p14141535\year three\imat3451 - computing project\swat_ai\swat_ai\temp\x64\release\object.obj
c:\users\jonny gooch\desktop\uni p14141535\year three\imat3451 - computing project\swat_ai\swat_ai\temp\x64\release\menu.obj
c:\users\jonny gooch\desktop\uni p14141535\year three\imat3451 - computing project\swat_ai\swat_ai\temp\x64\release\map.obj
c:\users\jonny gooch\desktop\uni p14141535\year three\imat3451 - computing project\swat_ai\swat_ai\temp\x64\release\main.obj
c:\users\jonny gooch\desktop\uni p14141535\year three\imat3451 - computing project\swat_ai\swat_ai\temp\x64\release\hudwindow.obj
c:\users\jonny gooch\desktop\uni p14141535\year three\imat3451 - computing project\swat_ai\swat_ai\temp\x64\release\game.obj
c:\users\jonny gooch\desktop\uni p14141535\year three\imat3451 - computing project\swat_ai\swat_ai\temp\x64\release\fontmanager.obj
c:\users\jonny gooch\desktop\uni p14141535\year three\imat3451 - computing project\swat_ai\swat_ai\temp\x64\release\entrance.obj
c:\users\jonny gooch\desktop\uni p14141535\year three\imat3451 - computing project\swat_ai\swat_ai\temp\x64\release\editor.obj
c:\users\jonny gooch\desktop\uni p14141535\year three\imat3451 - computing project\swat_ai\swat_ai\temp\x64\release\collidable.obj
c:\users\jonny gooch\desktop\uni p14141535\year three\imat3451 - computing project\swat_ai\swat_ai\temp\x64\release\character.obj
c:\users\jonny gooch\desktop\uni p14141535\year three\imat3451 - computing project\swat_ai\swat_ai\temp\x64\release\button.obj
c:\users\jonny gooch\desktop\uni p14141535\year three\imat3451 - computing project\swat_ai\swat_ai\temp\x64\release\bar.obj
c:\users\jonny gooch\desktop\uni p14141535\year three\imat3451 - computing project\swat_ai\swat_ai\temp\x64\release\astar.obj
c:\users\jonny gooch\desktop\uni p14141535\year three\imat3451 - computing project\swat_ai\swat_ai\temp\x64\release\slider.obj
c:\users\jonny gooch\desktop\uni p14141535\year three\imat3451 - computing project\swat_ai\swat_ai\temp\x64\release\options.obj
c:\users\jonny gooch\desktop\uni p14141535\year three\imat3451 - computing project\swat_ai\x64\release\swat_ai.exe
c:\users\jonny gooch\desktop\uni p14141535\year three\imat3451 - computing project\swat_ai\x64\release\swat_ai.pdb
c:\users\jonny gooch\desktop\uni p14141535\year three\imat3451 - computing project\swat_ai\x64\release\swat_ai.ipdb
c:\users\jonny gooch\desktop\uni p14141535\year three\imat3451 - computing project\swat_ai\x64\release\swat_ai.iobj
c:\users\jonny gooch\desktop\uni p14141535\year three\imat3451 - computing project\swat_ai\swat_ai\temp\x64\release\vc140.pdb
c:\users\jonny gooch\desktop\uni p14141535\year three\imat3451 - computing project\swat_ai\swat_ai\temp\x64\release\swat_ai.tlog\cl.command.1.tlog
c:\users\jonny gooch\desktop\uni p14141535\year three\imat3451 - computing project\swat_ai\swat_ai\temp\x64\release\swat_ai.tlog\cl.read.1.tlog
c:\users\jonny gooch\desktop\uni p14141535\year three\imat3451 - computing project\swat_ai\swat_ai\temp\x64\release\swat_ai.tlog\cl.write.1.tlog
c:\users\jonny gooch\desktop\uni p14141535\year three\imat3451 - computing project\swat_ai\swat_ai\temp\x64\release\swat_ai.tlog\link.command.1.tlog
c:\users\jonny gooch\desktop\uni p14141535\year three\imat3451 - computing project\swat_ai\swat_ai\temp\x64\release\swat_ai.tlog\link.read.1.tlog
c:\users\jonny gooch\desktop\uni p14141535\year three\imat3451 - computing project\swat_ai\swat_ai\temp\x64\release\swat_ai.tlog\link.write.1.tlog
c:\users\jonny gooch\desktop\uni p14141535\year three\imat3451 - computing project\swat_ai\swat_ai\temp\x64\release\swat_ai.tlog\swat_ai.write.1u.tlog
