  Editor.cpp
src\Editor.cpp(8): warning C4244: 'argument': conversion from 'unsigned int' to 'float', possible loss of data
src\Editor.cpp(12): warning C4244: 'argument': conversion from 'unsigned int' to 'float', possible loss of data
src\Editor.cpp(34): warning C4244: 'argument': conversion from 'unsigned int' to 'float', possible loss of data
src\Editor.cpp(36): warning C4244: 'argument': conversion from 'unsigned int' to 'float', possible loss of data
src\Editor.cpp(98): warning C4244: 'argument': conversion from 'float' to 'const unsigned __int64', possible loss of data
src\Editor.cpp(101): warning C4244: 'argument': conversion from 'float' to 'const unsigned __int64', possible loss of data
src\Editor.cpp(105): warning C4244: 'argument': conversion from 'float' to 'const unsigned __int64', possible loss of data
src\Editor.cpp(108): warning C4244: 'argument': conversion from 'float' to 'const unsigned __int64', possible loss of data
src\Editor.cpp(113): warning C4244: 'argument': conversion from 'float' to 'const unsigned __int64', possible loss of data
src\Editor.cpp(116): warning C4244: 'argument': conversion from 'float' to 'const unsigned __int64', possible loss of data
src\Editor.cpp(127): warning C4244: 'argument': conversion from 'float' to 'const unsigned __int64', possible loss of data
src\Editor.cpp(130): warning C4244: 'argument': conversion from 'float' to 'const unsigned __int64', possible loss of data
src\Editor.cpp(282): warning C4244: '=': conversion from 'float' to 'int', possible loss of data
src\Editor.cpp(283): warning C4244: '=': conversion from 'float' to 'int', possible loss of data
src\Editor.cpp(462): warning C4244: 'argument': conversion from 'float' to 'const unsigned __int64', possible loss of data
src\Editor.cpp(463): warning C4244: 'argument': conversion from 'float' to 'const unsigned __int64', possible loss of data
src\Editor.cpp(469): warning C4244: 'argument': conversion from 'float' to 'const unsigned __int64', possible loss of data
src\Editor.cpp(470): warning C4244: 'argument': conversion from 'float' to 'const unsigned __int64', possible loss of data
src\Editor.cpp(484): warning C4267: 'initializing': conversion from 'size_t' to 'int', possible loss of data
src\Editor.cpp(500): warning C4267: 'argument': conversion from 'size_t' to 'int', possible loss of data
src\Editor.cpp(508): warning C4244: 'argument': conversion from 'float' to 'const unsigned __int64', possible loss of data
src\Editor.cpp(520): warning C4244: 'argument': conversion from 'float' to 'const unsigned __int64', possible loss of data
src\Editor.cpp(526): warning C4244: 'argument': conversion from 'float' to 'const unsigned __int64', possible loss of data
src\Editor.cpp(537): warning C4244: 'argument': conversion from 'float' to 'const unsigned __int64', possible loss of data
src\Editor.cpp(549): warning C4244: 'argument': conversion from 'float' to 'const unsigned __int64', possible loss of data
src\Editor.cpp(550): warning C4244: 'argument': conversion from 'float' to 'const unsigned __int64', possible loss of data
src\Editor.cpp(553): warning C4244: 'argument': conversion from 'float' to 'const unsigned __int64', possible loss of data
src\Editor.cpp(554): warning C4244: 'argument': conversion from 'float' to 'const unsigned __int64', possible loss of data
src\Editor.cpp(557): warning C4244: 'argument': conversion from 'float' to 'const unsigned __int64', possible loss of data
src\Editor.cpp(558): warning C4244: 'argument': conversion from 'float' to 'const unsigned __int64', possible loss of data
src\Editor.cpp(561): warning C4244: 'argument': conversion from 'float' to 'const unsigned __int64', possible loss of data
src\Editor.cpp(562): warning C4244: 'argument': conversion from 'float' to 'const unsigned __int64', possible loss of data
src\Editor.cpp(575): warning C4267: 'initializing': conversion from 'size_t' to 'int', possible loss of data
src\Editor.cpp(591): warning C4267: 'argument': conversion from 'size_t' to 'int', possible loss of data
src\Editor.cpp(603): warning C4244: 'argument': conversion from 'float' to 'const unsigned __int64', possible loss of data
src\Editor.cpp(614): warning C4244: 'argument': conversion from 'float' to 'const unsigned __int64', possible loss of data
src\Editor.cpp(617): warning C4244: 'argument': conversion from 'float' to 'const unsigned __int64', possible loss of data
src\Editor.cpp(628): warning C4244: 'argument': conversion from 'float' to 'const unsigned __int64', possible loss of data
src\Editor.cpp(639): warning C4244: 'argument': conversion from 'float' to 'int', possible loss of data
src\Editor.cpp(659): warning C4267: '=': conversion from 'size_t' to 'int', possible loss of data
src\Editor.cpp(834): warning C4244: 'initializing': conversion from 'float' to 'int', possible loss of data
  Generating code
  78 of 3287 functions ( 2.4%) were compiled, the rest were copied from previous compilation.
    0 functions were new in current compilation
    13 functions had inline decision re-evaluated but remain unchanged
  Finished generating code
  SWAT_AI.vcxproj -> C:\Users\Jonathon\Desktop\Uni P14141535\Year Three\IMAT3451 - Computing Project\SWAT_AI\x64\Release\SWAT_AI.exe
