  Weapon.cpp
c:\users\jonathon\desktop\uni p14141535\year three\imat3451 - computing project\swat_ai\swat_ai\include\mathutils.h(68): warning C4018: '<': signed/unsigned mismatch
c:\users\jonathon\desktop\uni p14141535\year three\imat3451 - computing project\swat_ai\swat_ai\include\mathutils.h(92): warning C4244: 'argument': conversion from 'double' to 'float', possible loss of data
c:\users\jonathon\desktop\uni p14141535\year three\imat3451 - computing project\swat_ai\swat_ai\src\weapon.cpp(9): warning C4018: '<': signed/unsigned mismatch
c:\users\jonathon\desktop\uni p14141535\year three\imat3451 - computing project\swat_ai\swat_ai\src\weapon.cpp(35): warning C4018: '<': signed/unsigned mismatch
c:\users\jonathon\desktop\uni p14141535\year three\imat3451 - computing project\swat_ai\swat_ai\src\weapon.cpp(181): warning C4244: 'initializing': conversion from 'float' to 'int', possible loss of data
  TextureLoader.cpp
c:\users\jonathon\desktop\uni p14141535\year three\imat3451 - computing project\swat_ai\swat_ai\src\textureloader.cpp(26): warning C4018: '<': signed/unsigned mismatch
  soundWave.cpp
c:\users\jonathon\desktop\uni p14141535\year three\imat3451 - computing project\swat_ai\swat_ai\src\soundwave.cpp(29): warning C4244: 'argument': conversion from 'float' to 'sf::Uint8', possible loss of data
c:\users\jonathon\desktop\uni p14141535\year three\imat3451 - computing project\swat_ai\swat_ai\src\soundwave.cpp(39): warning C4244: 'argument': conversion from 'float' to 'sf::Uint8', possible loss of data
  Settings.cpp
  Object.cpp
c:\users\jonathon\desktop\uni p14141535\year three\imat3451 - computing project\swat_ai\swat_ai\src\object.cpp(47): warning C4244: 'argument': conversion from 'float' to 'int', possible loss of data
  Menu.cpp
c:\users\jonathon\desktop\uni p14141535\year three\imat3451 - computing project\swat_ai\swat_ai\src\menu.cpp(7): warning C4244: 'argument': conversion from 'unsigned int' to 'float', possible loss of data
c:\users\jonathon\desktop\uni p14141535\year three\imat3451 - computing project\swat_ai\swat_ai\src\menu.cpp(25): warning C4018: '<': signed/unsigned mismatch
c:\users\jonathon\desktop\uni p14141535\year three\imat3451 - computing project\swat_ai\swat_ai\src\menu.cpp(56): warning C4018: '<': signed/unsigned mismatch
c:\users\jonathon\desktop\uni p14141535\year three\imat3451 - computing project\swat_ai\swat_ai\src\menu.cpp(64): warning C4018: '<': signed/unsigned mismatch
c:\users\jonathon\desktop\uni p14141535\year three\imat3451 - computing project\swat_ai\swat_ai\src\menu.cpp(81): warning C4018: '<': signed/unsigned mismatch
c:\users\jonathon\desktop\uni p14141535\year three\imat3451 - computing project\swat_ai\swat_ai\src\menu.cpp(89): warning C4018: '<': signed/unsigned mismatch
  Map.cpp
c:\users\jonathon\desktop\uni p14141535\year three\imat3451 - computing project\swat_ai\swat_ai\src\map.cpp(25): warning C4244: 'argument': conversion from 'float' to 'unsigned int', possible loss of data
c:\users\jonathon\desktop\uni p14141535\year three\imat3451 - computing project\swat_ai\swat_ai\src\map.cpp(47): warning C4018: '>': signed/unsigned mismatch
c:\users\jonathon\desktop\uni p14141535\year three\imat3451 - computing project\swat_ai\swat_ai\src\map.cpp(53): warning C4018: '<': signed/unsigned mismatch
c:\users\jonathon\desktop\uni p14141535\year three\imat3451 - computing project\swat_ai\swat_ai\src\map.cpp(58): warning C4244: 'argument': conversion from 'unsigned int' to 'float', possible loss of data
c:\users\jonathon\desktop\uni p14141535\year three\imat3451 - computing project\swat_ai\swat_ai\src\map.cpp(58): warning C4244: 'argument': conversion from 'int' to 'float', possible loss of data
c:\users\jonathon\desktop\uni p14141535\year three\imat3451 - computing project\swat_ai\swat_ai\src\map.cpp(89): warning C4018: '>': signed/unsigned mismatch
c:\users\jonathon\desktop\uni p14141535\year three\imat3451 - computing project\swat_ai\swat_ai\src\map.cpp(95): warning C4018: '<': signed/unsigned mismatch
c:\users\jonathon\desktop\uni p14141535\year three\imat3451 - computing project\swat_ai\swat_ai\src\map.cpp(100): warning C4244: 'argument': conversion from 'unsigned int' to 'float', possible loss of data
c:\users\jonathon\desktop\uni p14141535\year three\imat3451 - computing project\swat_ai\swat_ai\src\map.cpp(100): warning C4244: 'argument': conversion from 'int' to 'float', possible loss of data
c:\users\jonathon\desktop\uni p14141535\year three\imat3451 - computing project\swat_ai\swat_ai\src\map.cpp(117): warning C4244: 'argument': conversion from 'float' to 'std::size_t', possible loss of data
c:\users\jonathon\desktop\uni p14141535\year three\imat3451 - computing project\swat_ai\swat_ai\src\map.cpp(130): warning C4244: 'argument': conversion from 'float' to 'std::size_t', possible loss of data
c:\users\jonathon\desktop\uni p14141535\year three\imat3451 - computing project\swat_ai\swat_ai\src\map.cpp(131): warning C4244: 'argument': conversion from 'float' to 'std::size_t', possible loss of data
  main.cpp
c:\users\jonathon\desktop\uni p14141535\year three\imat3451 - computing project\swat_ai\swat_ai\include\mathutils.h(68): warning C4018: '<': signed/unsigned mismatch
c:\users\jonathon\desktop\uni p14141535\year three\imat3451 - computing project\swat_ai\swat_ai\include\mathutils.h(92): warning C4244: 'argument': conversion from 'double' to 'float', possible loss of data
  HUDWindow.cpp
c:\users\jonathon\desktop\uni p14141535\year three\imat3451 - computing project\swat_ai\swat_ai\include\mathutils.h(68): warning C4018: '<': signed/unsigned mismatch
c:\users\jonathon\desktop\uni p14141535\year three\imat3451 - computing project\swat_ai\swat_ai\include\mathutils.h(92): warning C4244: 'argument': conversion from 'double' to 'float', possible loss of data
c:\users\jonathon\desktop\uni p14141535\year three\imat3451 - computing project\swat_ai\swat_ai\src\hudwindow.cpp(101): warning C4018: '<': signed/unsigned mismatch
c:\users\jonathon\desktop\uni p14141535\year three\imat3451 - computing project\swat_ai\swat_ai\src\hudwindow.cpp(142): warning C4018: '<': signed/unsigned mismatch
c:\users\jonathon\desktop\uni p14141535\year three\imat3451 - computing project\swat_ai\swat_ai\src\hudwindow.cpp(182): warning C4018: '<': signed/unsigned mismatch
c:\users\jonathon\desktop\uni p14141535\year three\imat3451 - computing project\swat_ai\swat_ai\src\hudwindow.cpp(187): warning C4018: '<': signed/unsigned mismatch
c:\users\jonathon\desktop\uni p14141535\year three\imat3451 - computing project\swat_ai\swat_ai\src\hudwindow.cpp(193): warning C4018: '<': signed/unsigned mismatch
c:\users\jonathon\desktop\uni p14141535\year three\imat3451 - computing project\swat_ai\swat_ai\src\hudwindow.cpp(198): warning C4018: '<': signed/unsigned mismatch
c:\users\jonathon\desktop\uni p14141535\year three\imat3451 - computing project\swat_ai\swat_ai\src\hudwindow.cpp(207): warning C4018: '<': signed/unsigned mismatch
  Game.cpp
c:\users\jonathon\desktop\uni p14141535\year three\imat3451 - computing project\swat_ai\swat_ai\include\mathutils.h(68): warning C4018: '<': signed/unsigned mismatch
c:\users\jonathon\desktop\uni p14141535\year three\imat3451 - computing project\swat_ai\swat_ai\include\mathutils.h(92): warning C4244: 'argument': conversion from 'double' to 'float', possible loss of data
c:\users\jonathon\desktop\uni p14141535\year three\imat3451 - computing project\swat_ai\swat_ai\src\game.cpp(8): warning C4244: 'argument': conversion from 'unsigned int' to 'float', possible loss of data
c:\users\jonathon\desktop\uni p14141535\year three\imat3451 - computing project\swat_ai\swat_ai\src\game.cpp(16): warning C4244: 'argument': conversion from 'unsigned int' to 'float', possible loss of data
c:\users\jonathon\desktop\uni p14141535\year three\imat3451 - computing project\swat_ai\swat_ai\src\game.cpp(24): warning C4018: '<': signed/unsigned mismatch
c:\users\jonathon\desktop\uni p14141535\year three\imat3451 - computing project\swat_ai\swat_ai\src\game.cpp(26): warning C4018: '<': signed/unsigned mismatch
c:\users\jonathon\desktop\uni p14141535\year three\imat3451 - computing project\swat_ai\swat_ai\src\game.cpp(91): warning C4018: '<': signed/unsigned mismatch
c:\users\jonathon\desktop\uni p14141535\year three\imat3451 - computing project\swat_ai\swat_ai\src\game.cpp(93): warning C4018: '<': signed/unsigned mismatch
c:\users\jonathon\desktop\uni p14141535\year three\imat3451 - computing project\swat_ai\swat_ai\src\game.cpp(119): warning C4018: '<': signed/unsigned mismatch
c:\users\jonathon\desktop\uni p14141535\year three\imat3451 - computing project\swat_ai\swat_ai\src\game.cpp(138): warning C4018: '<': signed/unsigned mismatch
c:\users\jonathon\desktop\uni p14141535\year three\imat3451 - computing project\swat_ai\swat_ai\src\game.cpp(196): warning C4018: '<': signed/unsigned mismatch
c:\users\jonathon\desktop\uni p14141535\year three\imat3451 - computing project\swat_ai\swat_ai\src\game.cpp(218): warning C4018: '<': signed/unsigned mismatch
c:\users\jonathon\desktop\uni p14141535\year three\imat3451 - computing project\swat_ai\swat_ai\src\game.cpp(243): warning C4244: 'argument': conversion from 'unsigned int' to 'float', possible loss of data
c:\users\jonathon\desktop\uni p14141535\year three\imat3451 - computing project\swat_ai\swat_ai\src\game.cpp(246): warning C4244: '=': conversion from 'unsigned int' to 'float', possible loss of data
c:\users\jonathon\desktop\uni p14141535\year three\imat3451 - computing project\swat_ai\swat_ai\src\game.cpp(249): warning C4018: '<': signed/unsigned mismatch
c:\users\jonathon\desktop\uni p14141535\year three\imat3451 - computing project\swat_ai\swat_ai\src\game.cpp(276): warning C4018: '<': signed/unsigned mismatch
c:\users\jonathon\desktop\uni p14141535\year three\imat3451 - computing project\swat_ai\swat_ai\src\game.cpp(289): warning C4018: '<': signed/unsigned mismatch
c:\users\jonathon\desktop\uni p14141535\year three\imat3451 - computing project\swat_ai\swat_ai\src\game.cpp(304): warning C4018: '<': signed/unsigned mismatch
c:\users\jonathon\desktop\uni p14141535\year three\imat3451 - computing project\swat_ai\swat_ai\src\game.cpp(312): warning C4018: '<': signed/unsigned mismatch
c:\users\jonathon\desktop\uni p14141535\year three\imat3451 - computing project\swat_ai\swat_ai\src\game.cpp(322): warning C4244: 'argument': conversion from 'float' to 'unsigned int', possible loss of data
c:\users\jonathon\desktop\uni p14141535\year three\imat3451 - computing project\swat_ai\swat_ai\src\game.cpp(344): warning C4018: '<': signed/unsigned mismatch
c:\users\jonathon\desktop\uni p14141535\year three\imat3451 - computing project\swat_ai\swat_ai\src\game.cpp(348): warning C4018: '<': signed/unsigned mismatch
c:\users\jonathon\desktop\uni p14141535\year three\imat3451 - computing project\swat_ai\swat_ai\src\game.cpp(351): warning C4244: 'argument': conversion from 'float' to 'unsigned int', possible loss of data
c:\users\jonathon\desktop\uni p14141535\year three\imat3451 - computing project\swat_ai\swat_ai\src\game.cpp(366): warning C4018: '<': signed/unsigned mismatch
c:\users\jonathon\desktop\uni p14141535\year three\imat3451 - computing project\swat_ai\swat_ai\src\game.cpp(398): warning C4018: '<': signed/unsigned mismatch
c:\users\jonathon\desktop\uni p14141535\year three\imat3451 - computing project\swat_ai\swat_ai\src\game.cpp(402): warning C4018: '<': signed/unsigned mismatch
c:\users\jonathon\desktop\uni p14141535\year three\imat3451 - computing project\swat_ai\swat_ai\src\game.cpp(454): warning C4018: '<': signed/unsigned mismatch
c:\users\jonathon\desktop\uni p14141535\year three\imat3451 - computing project\swat_ai\swat_ai\src\game.cpp(531): warning C4018: '<': signed/unsigned mismatch
c:\users\jonathon\desktop\uni p14141535\year three\imat3451 - computing project\swat_ai\swat_ai\src\game.cpp(544): warning C4018: '<': signed/unsigned mismatch
c:\users\jonathon\desktop\uni p14141535\year three\imat3451 - computing project\swat_ai\swat_ai\src\game.cpp(553): warning C4018: '<': signed/unsigned mismatch
c:\users\jonathon\desktop\uni p14141535\year three\imat3451 - computing project\swat_ai\swat_ai\src\game.cpp(559): warning C4018: '<': signed/unsigned mismatch
c:\users\jonathon\desktop\uni p14141535\year three\imat3451 - computing project\swat_ai\swat_ai\src\game.cpp(565): warning C4018: '<': signed/unsigned mismatch
c:\users\jonathon\desktop\uni p14141535\year three\imat3451 - computing project\swat_ai\swat_ai\src\game.cpp(576): warning C4018: '<': signed/unsigned mismatch
c:\users\jonathon\desktop\uni p14141535\year three\imat3451 - computing project\swat_ai\swat_ai\src\game.cpp(594): warning C4018: '<': signed/unsigned mismatch
c:\users\jonathon\desktop\uni p14141535\year three\imat3451 - computing project\swat_ai\swat_ai\src\game.cpp(603): warning C4018: '<': signed/unsigned mismatch
c:\users\jonathon\desktop\uni p14141535\year three\imat3451 - computing project\swat_ai\swat_ai\src\game.cpp(618): warning C4018: '<': signed/unsigned mismatch
c:\users\jonathon\desktop\uni p14141535\year three\imat3451 - computing project\swat_ai\swat_ai\src\game.cpp(627): warning C4018: '<': signed/unsigned mismatch
c:\users\jonathon\desktop\uni p14141535\year three\imat3451 - computing project\swat_ai\swat_ai\src\game.cpp(646): warning C4018: '<': signed/unsigned mismatch
c:\users\jonathon\desktop\uni p14141535\year three\imat3451 - computing project\swat_ai\swat_ai\src\game.cpp(648): warning C4018: '<': signed/unsigned mismatch
c:\users\jonathon\desktop\uni p14141535\year three\imat3451 - computing project\swat_ai\swat_ai\src\game.cpp(658): warning C4018: '<': signed/unsigned mismatch
c:\users\jonathon\desktop\uni p14141535\year three\imat3451 - computing project\swat_ai\swat_ai\src\game.cpp(660): warning C4018: '<': signed/unsigned mismatch
c:\users\jonathon\desktop\uni p14141535\year three\imat3451 - computing project\swat_ai\swat_ai\src\game.cpp(674): warning C4018: '<': signed/unsigned mismatch
c:\users\jonathon\desktop\uni p14141535\year three\imat3451 - computing project\swat_ai\swat_ai\src\game.cpp(678): warning C4018: '<': signed/unsigned mismatch
c:\users\jonathon\desktop\uni p14141535\year three\imat3451 - computing project\swat_ai\swat_ai\src\game.cpp(682): warning C4018: '<': signed/unsigned mismatch
c:\users\jonathon\desktop\uni p14141535\year three\imat3451 - computing project\swat_ai\swat_ai\src\game.cpp(706): warning C4018: '<': signed/unsigned mismatch
c:\users\jonathon\desktop\uni p14141535\year three\imat3451 - computing project\swat_ai\swat_ai\src\game.cpp(717): warning C4018: '<': signed/unsigned mismatch
c:\users\jonathon\desktop\uni p14141535\year three\imat3451 - computing project\swat_ai\swat_ai\src\game.cpp(721): warning C4018: '<': signed/unsigned mismatch
c:\users\jonathon\desktop\uni p14141535\year three\imat3451 - computing project\swat_ai\swat_ai\src\game.cpp(725): warning C4018: '<': signed/unsigned mismatch
c:\users\jonathon\desktop\uni p14141535\year three\imat3451 - computing project\swat_ai\swat_ai\src\game.cpp(749): warning C4018: '<': signed/unsigned mismatch
c:\users\jonathon\desktop\uni p14141535\year three\imat3451 - computing project\swat_ai\swat_ai\src\game.cpp(764): warning C4018: '<': signed/unsigned mismatch
c:\users\jonathon\desktop\uni p14141535\year three\imat3451 - computing project\swat_ai\swat_ai\src\game.cpp(771): warning C4018: '<': signed/unsigned mismatch
c:\users\jonathon\desktop\uni p14141535\year three\imat3451 - computing project\swat_ai\swat_ai\src\game.cpp(777): warning C4018: '<': signed/unsigned mismatch
c:\users\jonathon\desktop\uni p14141535\year three\imat3451 - computing project\swat_ai\swat_ai\src\game.cpp(783): warning C4018: '<': signed/unsigned mismatch
c:\users\jonathon\desktop\uni p14141535\year three\imat3451 - computing project\swat_ai\swat_ai\src\game.cpp(789): warning C4018: '<': signed/unsigned mismatch
c:\users\jonathon\desktop\uni p14141535\year three\imat3451 - computing project\swat_ai\swat_ai\src\game.cpp(795): warning C4018: '<': signed/unsigned mismatch
  Entrance.cpp
  Editor.cpp
c:\users\jonathon\desktop\uni p14141535\year three\imat3451 - computing project\swat_ai\swat_ai\src\editor.cpp(13): warning C4244: 'argument': conversion from 'unsigned int' to 'float', possible loss of data
c:\users\jonathon\desktop\uni p14141535\year three\imat3451 - computing project\swat_ai\swat_ai\src\editor.cpp(16): warning C4244: 'argument': conversion from 'unsigned int' to 'float', possible loss of data
c:\users\jonathon\desktop\uni p14141535\year three\imat3451 - computing project\swat_ai\swat_ai\src\editor.cpp(34): warning C4244: 'argument': conversion from 'unsigned int' to 'float', possible loss of data
c:\users\jonathon\desktop\uni p14141535\year three\imat3451 - computing project\swat_ai\swat_ai\src\editor.cpp(36): warning C4244: 'argument': conversion from 'unsigned int' to 'float', possible loss of data
c:\users\jonathon\desktop\uni p14141535\year three\imat3451 - computing project\swat_ai\swat_ai\src\editor.cpp(49): warning C4018: '<': signed/unsigned mismatch
c:\users\jonathon\desktop\uni p14141535\year three\imat3451 - computing project\swat_ai\swat_ai\src\editor.cpp(69): warning C4018: '<': signed/unsigned mismatch
c:\users\jonathon\desktop\uni p14141535\year three\imat3451 - computing project\swat_ai\swat_ai\src\editor.cpp(86): warning C4244: 'argument': conversion from 'float' to 'unsigned int', possible loss of data
c:\users\jonathon\desktop\uni p14141535\year three\imat3451 - computing project\swat_ai\swat_ai\src\editor.cpp(87): warning C4018: '<': signed/unsigned mismatch
c:\users\jonathon\desktop\uni p14141535\year three\imat3451 - computing project\swat_ai\swat_ai\src\editor.cpp(89): warning C4244: 'argument': conversion from 'float' to 'unsigned int', possible loss of data
c:\users\jonathon\desktop\uni p14141535\year three\imat3451 - computing project\swat_ai\swat_ai\src\editor.cpp(92): warning C4244: 'argument': conversion from 'float' to 'unsigned int', possible loss of data
c:\users\jonathon\desktop\uni p14141535\year three\imat3451 - computing project\swat_ai\swat_ai\src\editor.cpp(93): warning C4018: '<': signed/unsigned mismatch
c:\users\jonathon\desktop\uni p14141535\year three\imat3451 - computing project\swat_ai\swat_ai\src\editor.cpp(95): warning C4244: 'argument': conversion from 'float' to 'unsigned int', possible loss of data
c:\users\jonathon\desktop\uni p14141535\year three\imat3451 - computing project\swat_ai\swat_ai\src\editor.cpp(99): warning C4244: 'argument': conversion from 'float' to 'unsigned int', possible loss of data
c:\users\jonathon\desktop\uni p14141535\year three\imat3451 - computing project\swat_ai\swat_ai\src\editor.cpp(100): warning C4018: '<': signed/unsigned mismatch
c:\users\jonathon\desktop\uni p14141535\year three\imat3451 - computing project\swat_ai\swat_ai\src\editor.cpp(102): warning C4244: 'argument': conversion from 'float' to 'unsigned int', possible loss of data
c:\users\jonathon\desktop\uni p14141535\year three\imat3451 - computing project\swat_ai\swat_ai\src\editor.cpp(105): warning C4018: '<': signed/unsigned mismatch
c:\users\jonathon\desktop\uni p14141535\year three\imat3451 - computing project\swat_ai\swat_ai\src\editor.cpp(107): warning C4018: '<': signed/unsigned mismatch
c:\users\jonathon\desktop\uni p14141535\year three\imat3451 - computing project\swat_ai\swat_ai\src\editor.cpp(113): warning C4244: 'argument': conversion from 'float' to 'unsigned int', possible loss of data
c:\users\jonathon\desktop\uni p14141535\year three\imat3451 - computing project\swat_ai\swat_ai\src\editor.cpp(114): warning C4018: '<': signed/unsigned mismatch
c:\users\jonathon\desktop\uni p14141535\year three\imat3451 - computing project\swat_ai\swat_ai\src\editor.cpp(116): warning C4244: 'argument': conversion from 'float' to 'unsigned int', possible loss of data
c:\users\jonathon\desktop\uni p14141535\year three\imat3451 - computing project\swat_ai\swat_ai\src\editor.cpp(119): warning C4018: '<': signed/unsigned mismatch
c:\users\jonathon\desktop\uni p14141535\year three\imat3451 - computing project\swat_ai\swat_ai\src\editor.cpp(121): warning C4018: '<': signed/unsigned mismatch
c:\users\jonathon\desktop\uni p14141535\year three\imat3451 - computing project\swat_ai\swat_ai\src\editor.cpp(129): warning C4018: '<': signed/unsigned mismatch
c:\users\jonathon\desktop\uni p14141535\year three\imat3451 - computing project\swat_ai\swat_ai\src\editor.cpp(156): warning C4018: '<': signed/unsigned mismatch
c:\users\jonathon\desktop\uni p14141535\year three\imat3451 - computing project\swat_ai\swat_ai\src\editor.cpp(184): warning C4018: '<': signed/unsigned mismatch
c:\users\jonathon\desktop\uni p14141535\year three\imat3451 - computing project\swat_ai\swat_ai\src\editor.cpp(214): warning C4018: '<': signed/unsigned mismatch
c:\users\jonathon\desktop\uni p14141535\year three\imat3451 - computing project\swat_ai\swat_ai\src\editor.cpp(219): warning C4018: '<': signed/unsigned mismatch
c:\users\jonathon\desktop\uni p14141535\year three\imat3451 - computing project\swat_ai\swat_ai\src\editor.cpp(221): warning C4018: '<': signed/unsigned mismatch
c:\users\jonathon\desktop\uni p14141535\year three\imat3451 - computing project\swat_ai\swat_ai\src\editor.cpp(231): warning C4018: '<': signed/unsigned mismatch
c:\users\jonathon\desktop\uni p14141535\year three\imat3451 - computing project\swat_ai\swat_ai\src\editor.cpp(233): warning C4018: '<': signed/unsigned mismatch
c:\users\jonathon\desktop\uni p14141535\year three\imat3451 - computing project\swat_ai\swat_ai\src\editor.cpp(243): warning C4018: '<': signed/unsigned mismatch
c:\users\jonathon\desktop\uni p14141535\year three\imat3451 - computing project\swat_ai\swat_ai\src\editor.cpp(247): warning C4018: '<': signed/unsigned mismatch
c:\users\jonathon\desktop\uni p14141535\year three\imat3451 - computing project\swat_ai\swat_ai\src\editor.cpp(251): warning C4018: '<': signed/unsigned mismatch
c:\users\jonathon\desktop\uni p14141535\year three\imat3451 - computing project\swat_ai\swat_ai\src\editor.cpp(273): warning C4018: '<': signed/unsigned mismatch
c:\users\jonathon\desktop\uni p14141535\year three\imat3451 - computing project\swat_ai\swat_ai\src\editor.cpp(275): warning C4244: 'argument': conversion from 'float' to 'unsigned int', possible loss of data
c:\users\jonathon\desktop\uni p14141535\year three\imat3451 - computing project\swat_ai\swat_ai\src\editor.cpp(277): warning C4018: '<': signed/unsigned mismatch
c:\users\jonathon\desktop\uni p14141535\year three\imat3451 - computing project\swat_ai\swat_ai\src\editor.cpp(279): warning C4244: 'argument': conversion from 'float' to 'unsigned int', possible loss of data
c:\users\jonathon\desktop\uni p14141535\year three\imat3451 - computing project\swat_ai\swat_ai\src\editor.cpp(282): warning C4018: '<': signed/unsigned mismatch
c:\users\jonathon\desktop\uni p14141535\year three\imat3451 - computing project\swat_ai\swat_ai\src\editor.cpp(284): warning C4244: 'argument': conversion from 'float' to 'unsigned int', possible loss of data
c:\users\jonathon\desktop\uni p14141535\year three\imat3451 - computing project\swat_ai\swat_ai\src\editor.cpp(286): warning C4018: '<': signed/unsigned mismatch
c:\users\jonathon\desktop\uni p14141535\year three\imat3451 - computing project\swat_ai\swat_ai\src\editor.cpp(288): warning C4244: 'argument': conversion from 'float' to 'unsigned int', possible loss of data
c:\users\jonathon\desktop\uni p14141535\year three\imat3451 - computing project\swat_ai\swat_ai\src\editor.cpp(294): warning C4018: '<': signed/unsigned mismatch
c:\users\jonathon\desktop\uni p14141535\year three\imat3451 - computing project\swat_ai\swat_ai\src\editor.cpp(296): warning C4244: 'argument': conversion from 'float' to 'unsigned int', possible loss of data
c:\users\jonathon\desktop\uni p14141535\year three\imat3451 - computing project\swat_ai\swat_ai\src\editor.cpp(299): warning C4018: '<': signed/unsigned mismatch
c:\users\jonathon\desktop\uni p14141535\year three\imat3451 - computing project\swat_ai\swat_ai\src\editor.cpp(306): warning C4244: 'argument': conversion from 'float' to 'unsigned int', possible loss of data
c:\users\jonathon\desktop\uni p14141535\year three\imat3451 - computing project\swat_ai\swat_ai\src\editor.cpp(309): warning C4018: '<': signed/unsigned mismatch
c:\users\jonathon\desktop\uni p14141535\year three\imat3451 - computing project\swat_ai\swat_ai\src\editor.cpp(311): warning C4244: 'argument': conversion from 'float' to 'unsigned int', possible loss of data
c:\users\jonathon\desktop\uni p14141535\year three\imat3451 - computing project\swat_ai\swat_ai\src\editor.cpp(314): warning C4018: '<': signed/unsigned mismatch
c:\users\jonathon\desktop\uni p14141535\year three\imat3451 - computing project\swat_ai\swat_ai\src\editor.cpp(321): warning C4244: 'argument': conversion from 'float' to 'unsigned int', possible loss of data
c:\users\jonathon\desktop\uni p14141535\year three\imat3451 - computing project\swat_ai\swat_ai\src\editor.cpp(328): warning C4244: 'argument': conversion from 'float' to 'unsigned int', possible loss of data
c:\users\jonathon\desktop\uni p14141535\year three\imat3451 - computing project\swat_ai\swat_ai\src\editor.cpp(329): warning C4244: 'argument': conversion from 'float' to 'unsigned int', possible loss of data
c:\users\jonathon\desktop\uni p14141535\year three\imat3451 - computing project\swat_ai\swat_ai\src\editor.cpp(331): warning C4244: 'argument': conversion from 'float' to 'unsigned int', possible loss of data
c:\users\jonathon\desktop\uni p14141535\year three\imat3451 - computing project\swat_ai\swat_ai\src\editor.cpp(332): warning C4244: 'argument': conversion from 'float' to 'unsigned int', possible loss of data
c:\users\jonathon\desktop\uni p14141535\year three\imat3451 - computing project\swat_ai\swat_ai\src\editor.cpp(335): warning C4244: 'argument': conversion from 'float' to 'unsigned int', possible loss of data
c:\users\jonathon\desktop\uni p14141535\year three\imat3451 - computing project\swat_ai\swat_ai\src\editor.cpp(336): warning C4244: 'argument': conversion from 'float' to 'unsigned int', possible loss of data
c:\users\jonathon\desktop\uni p14141535\year three\imat3451 - computing project\swat_ai\swat_ai\src\editor.cpp(338): warning C4244: 'argument': conversion from 'float' to 'unsigned int', possible loss of data
c:\users\jonathon\desktop\uni p14141535\year three\imat3451 - computing project\swat_ai\swat_ai\src\editor.cpp(339): warning C4244: 'argument': conversion from 'float' to 'unsigned int', possible loss of data
c:\users\jonathon\desktop\uni p14141535\year three\imat3451 - computing project\swat_ai\swat_ai\src\editor.cpp(344): warning C4244: 'argument': conversion from 'float' to 'unsigned int', possible loss of data
c:\users\jonathon\desktop\uni p14141535\year three\imat3451 - computing project\swat_ai\swat_ai\src\editor.cpp(345): warning C4244: 'argument': conversion from 'float' to 'unsigned int', possible loss of data
c:\users\jonathon\desktop\uni p14141535\year three\imat3451 - computing project\swat_ai\swat_ai\src\editor.cpp(347): warning C4018: '<': signed/unsigned mismatch
c:\users\jonathon\desktop\uni p14141535\year three\imat3451 - computing project\swat_ai\swat_ai\src\editor.cpp(355): warning C4244: 'argument': conversion from 'float' to 'unsigned int', possible loss of data
c:\users\jonathon\desktop\uni p14141535\year three\imat3451 - computing project\swat_ai\swat_ai\src\editor.cpp(356): warning C4244: 'argument': conversion from 'float' to 'unsigned int', possible loss of data
c:\users\jonathon\desktop\uni p14141535\year three\imat3451 - computing project\swat_ai\swat_ai\src\editor.cpp(358): warning C4244: 'argument': conversion from 'float' to 'unsigned int', possible loss of data
c:\users\jonathon\desktop\uni p14141535\year three\imat3451 - computing project\swat_ai\swat_ai\src\editor.cpp(359): warning C4244: 'argument': conversion from 'float' to 'unsigned int', possible loss of data
c:\users\jonathon\desktop\uni p14141535\year three\imat3451 - computing project\swat_ai\swat_ai\src\editor.cpp(360): warning C4018: '<': signed/unsigned mismatch
c:\users\jonathon\desktop\uni p14141535\year three\imat3451 - computing project\swat_ai\swat_ai\src\editor.cpp(368): warning C4244: 'argument': conversion from 'float' to 'unsigned int', possible loss of data
c:\users\jonathon\desktop\uni p14141535\year three\imat3451 - computing project\swat_ai\swat_ai\src\editor.cpp(369): warning C4244: 'argument': conversion from 'float' to 'unsigned int', possible loss of data
c:\users\jonathon\desktop\uni p14141535\year three\imat3451 - computing project\swat_ai\swat_ai\src\editor.cpp(383): warning C4244: 'argument': conversion from 'float' to 'unsigned int', possible loss of data
c:\users\jonathon\desktop\uni p14141535\year three\imat3451 - computing project\swat_ai\swat_ai\src\editor.cpp(387): warning C4244: 'argument': conversion from 'float' to 'unsigned int', possible loss of data
c:\users\jonathon\desktop\uni p14141535\year three\imat3451 - computing project\swat_ai\swat_ai\src\editor.cpp(389): warning C4244: 'argument': conversion from 'float' to 'unsigned int', possible loss of data
c:\users\jonathon\desktop\uni p14141535\year three\imat3451 - computing project\swat_ai\swat_ai\src\editor.cpp(390): warning C4244: 'argument': conversion from 'float' to 'unsigned int', possible loss of data
c:\users\jonathon\desktop\uni p14141535\year three\imat3451 - computing project\swat_ai\swat_ai\src\editor.cpp(392): warning C4244: 'argument': conversion from 'float' to 'unsigned int', possible loss of data
c:\users\jonathon\desktop\uni p14141535\year three\imat3451 - computing project\swat_ai\swat_ai\src\editor.cpp(393): warning C4244: 'argument': conversion from 'float' to 'unsigned int', possible loss of data
c:\users\jonathon\desktop\uni p14141535\year three\imat3451 - computing project\swat_ai\swat_ai\src\editor.cpp(397): warning C4244: 'argument': conversion from 'float' to 'unsigned int', possible loss of data
c:\users\jonathon\desktop\uni p14141535\year three\imat3451 - computing project\swat_ai\swat_ai\src\editor.cpp(399): warning C4244: 'argument': conversion from 'float' to 'unsigned int', possible loss of data
c:\users\jonathon\desktop\uni p14141535\year three\imat3451 - computing project\swat_ai\swat_ai\src\editor.cpp(400): warning C4244: 'argument': conversion from 'float' to 'unsigned int', possible loss of data
c:\users\jonathon\desktop\uni p14141535\year three\imat3451 - computing project\swat_ai\swat_ai\src\editor.cpp(402): warning C4244: 'argument': conversion from 'float' to 'unsigned int', possible loss of data
c:\users\jonathon\desktop\uni p14141535\year three\imat3451 - computing project\swat_ai\swat_ai\src\editor.cpp(403): warning C4244: 'argument': conversion from 'float' to 'unsigned int', possible loss of data
c:\users\jonathon\desktop\uni p14141535\year three\imat3451 - computing project\swat_ai\swat_ai\src\editor.cpp(408): warning C4244: 'argument': conversion from 'float' to 'unsigned int', possible loss of data
c:\users\jonathon\desktop\uni p14141535\year three\imat3451 - computing project\swat_ai\swat_ai\src\editor.cpp(410): warning C4244: 'argument': conversion from 'float' to 'unsigned int', possible loss of data
c:\users\jonathon\desktop\uni p14141535\year three\imat3451 - computing project\swat_ai\swat_ai\src\editor.cpp(411): warning C4244: 'argument': conversion from 'float' to 'unsigned int', possible loss of data
c:\users\jonathon\desktop\uni p14141535\year three\imat3451 - computing project\swat_ai\swat_ai\src\editor.cpp(413): warning C4244: 'argument': conversion from 'float' to 'unsigned int', possible loss of data
c:\users\jonathon\desktop\uni p14141535\year three\imat3451 - computing project\swat_ai\swat_ai\src\editor.cpp(414): warning C4244: 'argument': conversion from 'float' to 'unsigned int', possible loss of data
c:\users\jonathon\desktop\uni p14141535\year three\imat3451 - computing project\swat_ai\swat_ai\src\editor.cpp(419): warning C4244: 'argument': conversion from 'float' to 'unsigned int', possible loss of data
c:\users\jonathon\desktop\uni p14141535\year three\imat3451 - computing project\swat_ai\swat_ai\src\editor.cpp(421): warning C4244: 'argument': conversion from 'float' to 'unsigned int', possible loss of data
c:\users\jonathon\desktop\uni p14141535\year three\imat3451 - computing project\swat_ai\swat_ai\src\editor.cpp(422): warning C4244: 'argument': conversion from 'float' to 'unsigned int', possible loss of data
c:\users\jonathon\desktop\uni p14141535\year three\imat3451 - computing project\swat_ai\swat_ai\src\editor.cpp(424): warning C4244: 'argument': conversion from 'float' to 'unsigned int', possible loss of data
c:\users\jonathon\desktop\uni p14141535\year three\imat3451 - computing project\swat_ai\swat_ai\src\editor.cpp(425): warning C4244: 'argument': conversion from 'float' to 'unsigned int', possible loss of data
c:\users\jonathon\desktop\uni p14141535\year three\imat3451 - computing project\swat_ai\swat_ai\src\editor.cpp(429): warning C4244: 'argument': conversion from 'float' to 'unsigned int', possible loss of data
c:\users\jonathon\desktop\uni p14141535\year three\imat3451 - computing project\swat_ai\swat_ai\src\editor.cpp(431): warning C4244: 'argument': conversion from 'float' to 'unsigned int', possible loss of data
c:\users\jonathon\desktop\uni p14141535\year three\imat3451 - computing project\swat_ai\swat_ai\src\editor.cpp(432): warning C4244: 'argument': conversion from 'float' to 'unsigned int', possible loss of data
c:\users\jonathon\desktop\uni p14141535\year three\imat3451 - computing project\swat_ai\swat_ai\src\editor.cpp(434): warning C4244: 'argument': conversion from 'float' to 'unsigned int', possible loss of data
c:\users\jonathon\desktop\uni p14141535\year three\imat3451 - computing project\swat_ai\swat_ai\src\editor.cpp(435): warning C4244: 'argument': conversion from 'float' to 'unsigned int', possible loss of data
c:\users\jonathon\desktop\uni p14141535\year three\imat3451 - computing project\swat_ai\swat_ai\src\editor.cpp(439): warning C4244: 'argument': conversion from 'float' to 'unsigned int', possible loss of data
c:\users\jonathon\desktop\uni p14141535\year three\imat3451 - computing project\swat_ai\swat_ai\src\editor.cpp(441): warning C4244: 'argument': conversion from 'float' to 'unsigned int', possible loss of data
c:\users\jonathon\desktop\uni p14141535\year three\imat3451 - computing project\swat_ai\swat_ai\src\editor.cpp(442): warning C4244: 'argument': conversion from 'float' to 'unsigned int', possible loss of data
c:\users\jonathon\desktop\uni p14141535\year three\imat3451 - computing project\swat_ai\swat_ai\src\editor.cpp(448): warning C4244: 'argument': conversion from 'float' to 'unsigned int', possible loss of data
c:\users\jonathon\desktop\uni p14141535\year three\imat3451 - computing project\swat_ai\swat_ai\src\editor.cpp(451): warning C4244: 'argument': conversion from 'float' to 'unsigned int', possible loss of data
c:\users\jonathon\desktop\uni p14141535\year three\imat3451 - computing project\swat_ai\swat_ai\src\editor.cpp(453): warning C4244: 'argument': conversion from 'float' to 'unsigned int', possible loss of data
c:\users\jonathon\desktop\uni p14141535\year three\imat3451 - computing project\swat_ai\swat_ai\src\editor.cpp(454): warning C4244: 'argument': conversion from 'float' to 'unsigned int', possible loss of data
c:\users\jonathon\desktop\uni p14141535\year three\imat3451 - computing project\swat_ai\swat_ai\src\editor.cpp(456): warning C4244: 'argument': conversion from 'float' to 'unsigned int', possible loss of data
c:\users\jonathon\desktop\uni p14141535\year three\imat3451 - computing project\swat_ai\swat_ai\src\editor.cpp(457): warning C4244: 'argument': conversion from 'float' to 'unsigned int', possible loss of data
c:\users\jonathon\desktop\uni p14141535\year three\imat3451 - computing project\swat_ai\swat_ai\src\editor.cpp(461): warning C4244: 'argument': conversion from 'float' to 'unsigned int', possible loss of data
c:\users\jonathon\desktop\uni p14141535\year three\imat3451 - computing project\swat_ai\swat_ai\src\editor.cpp(463): warning C4244: 'argument': conversion from 'float' to 'unsigned int', possible loss of data
c:\users\jonathon\desktop\uni p14141535\year three\imat3451 - computing project\swat_ai\swat_ai\src\editor.cpp(464): warning C4244: 'argument': conversion from 'float' to 'unsigned int', possible loss of data
c:\users\jonathon\desktop\uni p14141535\year three\imat3451 - computing project\swat_ai\swat_ai\src\editor.cpp(466): warning C4244: 'argument': conversion from 'float' to 'unsigned int', possible loss of data
c:\users\jonathon\desktop\uni p14141535\year three\imat3451 - computing project\swat_ai\swat_ai\src\editor.cpp(467): warning C4244: 'argument': conversion from 'float' to 'unsigned int', possible loss of data
c:\users\jonathon\desktop\uni p14141535\year three\imat3451 - computing project\swat_ai\swat_ai\src\editor.cpp(471): warning C4244: 'argument': conversion from 'float' to 'unsigned int', possible loss of data
c:\users\jonathon\desktop\uni p14141535\year three\imat3451 - computing project\swat_ai\swat_ai\src\editor.cpp(473): warning C4244: 'argument': conversion from 'float' to 'unsigned int', possible loss of data
c:\users\jonathon\desktop\uni p14141535\year three\imat3451 - computing project\swat_ai\swat_ai\src\editor.cpp(474): warning C4244: 'argument': conversion from 'float' to 'unsigned int', possible loss of data
c:\users\jonathon\desktop\uni p14141535\year three\imat3451 - computing project\swat_ai\swat_ai\src\editor.cpp(476): warning C4244: 'argument': conversion from 'float' to 'unsigned int', possible loss of data
c:\users\jonathon\desktop\uni p14141535\year three\imat3451 - computing project\swat_ai\swat_ai\src\editor.cpp(477): warning C4244: 'argument': conversion from 'float' to 'unsigned int', possible loss of data
c:\users\jonathon\desktop\uni p14141535\year three\imat3451 - computing project\swat_ai\swat_ai\src\editor.cpp(481): warning C4244: 'argument': conversion from 'float' to 'unsigned int', possible loss of data
c:\users\jonathon\desktop\uni p14141535\year three\imat3451 - computing project\swat_ai\swat_ai\src\editor.cpp(483): warning C4244: 'argument': conversion from 'float' to 'unsigned int', possible loss of data
c:\users\jonathon\desktop\uni p14141535\year three\imat3451 - computing project\swat_ai\swat_ai\src\editor.cpp(484): warning C4244: 'argument': conversion from 'float' to 'unsigned int', possible loss of data
c:\users\jonathon\desktop\uni p14141535\year three\imat3451 - computing project\swat_ai\swat_ai\src\editor.cpp(486): warning C4244: 'argument': conversion from 'float' to 'unsigned int', possible loss of data
c:\users\jonathon\desktop\uni p14141535\year three\imat3451 - computing project\swat_ai\swat_ai\src\editor.cpp(487): warning C4244: 'argument': conversion from 'float' to 'unsigned int', possible loss of data
c:\users\jonathon\desktop\uni p14141535\year three\imat3451 - computing project\swat_ai\swat_ai\src\editor.cpp(491): warning C4244: 'argument': conversion from 'float' to 'unsigned int', possible loss of data
c:\users\jonathon\desktop\uni p14141535\year three\imat3451 - computing project\swat_ai\swat_ai\src\editor.cpp(493): warning C4244: 'argument': conversion from 'float' to 'unsigned int', possible loss of data
c:\users\jonathon\desktop\uni p14141535\year three\imat3451 - computing project\swat_ai\swat_ai\src\editor.cpp(494): warning C4244: 'argument': conversion from 'float' to 'unsigned int', possible loss of data
c:\users\jonathon\desktop\uni p14141535\year three\imat3451 - computing project\swat_ai\swat_ai\src\editor.cpp(496): warning C4244: 'argument': conversion from 'float' to 'unsigned int', possible loss of data
c:\users\jonathon\desktop\uni p14141535\year three\imat3451 - computing project\swat_ai\swat_ai\src\editor.cpp(497): warning C4244: 'argument': conversion from 'float' to 'unsigned int', possible loss of data
c:\users\jonathon\desktop\uni p14141535\year three\imat3451 - computing project\swat_ai\swat_ai\src\editor.cpp(501): warning C4244: 'argument': conversion from 'float' to 'unsigned int', possible loss of data
c:\users\jonathon\desktop\uni p14141535\year three\imat3451 - computing project\swat_ai\swat_ai\src\editor.cpp(503): warning C4244: 'argument': conversion from 'float' to 'unsigned int', possible loss of data
c:\users\jonathon\desktop\uni p14141535\year three\imat3451 - computing project\swat_ai\swat_ai\src\editor.cpp(504): warning C4244: 'argument': conversion from 'float' to 'unsigned int', possible loss of data
c:\users\jonathon\desktop\uni p14141535\year three\imat3451 - computing project\swat_ai\swat_ai\src\editor.cpp(506): warning C4244: 'argument': conversion from 'float' to 'unsigned int', possible loss of data
c:\users\jonathon\desktop\uni p14141535\year three\imat3451 - computing project\swat_ai\swat_ai\src\editor.cpp(507): warning C4244: 'argument': conversion from 'float' to 'unsigned int', possible loss of data
c:\users\jonathon\desktop\uni p14141535\year three\imat3451 - computing project\swat_ai\swat_ai\src\editor.cpp(511): warning C4244: 'argument': conversion from 'float' to 'unsigned int', possible loss of data
c:\users\jonathon\desktop\uni p14141535\year three\imat3451 - computing project\swat_ai\swat_ai\src\editor.cpp(513): warning C4244: 'argument': conversion from 'float' to 'unsigned int', possible loss of data
c:\users\jonathon\desktop\uni p14141535\year three\imat3451 - computing project\swat_ai\swat_ai\src\editor.cpp(514): warning C4244: 'argument': conversion from 'float' to 'unsigned int', possible loss of data
c:\users\jonathon\desktop\uni p14141535\year three\imat3451 - computing project\swat_ai\swat_ai\src\editor.cpp(601): warning C4018: '<': signed/unsigned mismatch
c:\users\jonathon\desktop\uni p14141535\year three\imat3451 - computing project\swat_ai\swat_ai\src\editor.cpp(603): warning C4018: '<': signed/unsigned mismatch
c:\users\jonathon\desktop\uni p14141535\year three\imat3451 - computing project\swat_ai\swat_ai\src\editor.cpp(615): warning C4018: '<': signed/unsigned mismatch
c:\users\jonathon\desktop\uni p14141535\year three\imat3451 - computing project\swat_ai\swat_ai\src\editor.cpp(617): warning C4018: '<': signed/unsigned mismatch
c:\users\jonathon\desktop\uni p14141535\year three\imat3451 - computing project\swat_ai\swat_ai\src\editor.cpp(638): warning C4018: '<': signed/unsigned mismatch
c:\users\jonathon\desktop\uni p14141535\year three\imat3451 - computing project\swat_ai\swat_ai\src\editor.cpp(640): warning C4018: '<': signed/unsigned mismatch
c:\users\jonathon\desktop\uni p14141535\year three\imat3451 - computing project\swat_ai\swat_ai\src\editor.cpp(649): warning C4018: '<': signed/unsigned mismatch
c:\users\jonathon\desktop\uni p14141535\year three\imat3451 - computing project\swat_ai\swat_ai\src\editor.cpp(651): warning C4018: '<': signed/unsigned mismatch
c:\users\jonathon\desktop\uni p14141535\year three\imat3451 - computing project\swat_ai\swat_ai\src\editor.cpp(660): warning C4018: '<': signed/unsigned mismatch
c:\users\jonathon\desktop\uni p14141535\year three\imat3451 - computing project\swat_ai\swat_ai\src\editor.cpp(664): warning C4018: '<': signed/unsigned mismatch
c:\users\jonathon\desktop\uni p14141535\year three\imat3451 - computing project\swat_ai\swat_ai\src\editor.cpp(668): warning C4018: '<': signed/unsigned mismatch
c:\users\jonathon\desktop\uni p14141535\year three\imat3451 - computing project\swat_ai\swat_ai\src\editor.cpp(672): warning C4018: '<': signed/unsigned mismatch
c:\users\jonathon\desktop\uni p14141535\year three\imat3451 - computing project\swat_ai\swat_ai\src\editor.cpp(677): warning C4018: '<': signed/unsigned mismatch
c:\users\jonathon\desktop\uni p14141535\year three\imat3451 - computing project\swat_ai\swat_ai\src\editor.cpp(689): warning C4018: '<': signed/unsigned mismatch
c:\users\jonathon\desktop\uni p14141535\year three\imat3451 - computing project\swat_ai\swat_ai\src\editor.cpp(695): warning C4018: '<': signed/unsigned mismatch
c:\users\jonathon\desktop\uni p14141535\year three\imat3451 - computing project\swat_ai\swat_ai\src\editor.cpp(700): warning C4018: '<': signed/unsigned mismatch
c:\users\jonathon\desktop\uni p14141535\year three\imat3451 - computing project\swat_ai\swat_ai\src\editor.cpp(705): warning C4018: '<': signed/unsigned mismatch
c:\users\jonathon\desktop\uni p14141535\year three\imat3451 - computing project\swat_ai\swat_ai\src\editor.cpp(710): warning C4018: '<': signed/unsigned mismatch
c:\users\jonathon\desktop\uni p14141535\year three\imat3451 - computing project\swat_ai\swat_ai\src\editor.cpp(712): warning C4018: '<': signed/unsigned mismatch
c:\users\jonathon\desktop\uni p14141535\year three\imat3451 - computing project\swat_ai\swat_ai\src\editor.cpp(722): warning C4018: '<': signed/unsigned mismatch
c:\users\jonathon\desktop\uni p14141535\year three\imat3451 - computing project\swat_ai\swat_ai\src\editor.cpp(724): warning C4018: '<': signed/unsigned mismatch
  Character.cpp
c:\users\jonathon\desktop\uni p14141535\year three\imat3451 - computing project\swat_ai\swat_ai\include\mathutils.h(68): warning C4018: '<': signed/unsigned mismatch
c:\users\jonathon\desktop\uni p14141535\year three\imat3451 - computing project\swat_ai\swat_ai\include\mathutils.h(92): warning C4244: 'argument': conversion from 'double' to 'float', possible loss of data
c:\users\jonathon\desktop\uni p14141535\year three\imat3451 - computing project\swat_ai\swat_ai\src\character.cpp(56): warning C4018: '<': signed/unsigned mismatch
c:\users\jonathon\desktop\uni p14141535\year three\imat3451 - computing project\swat_ai\swat_ai\src\character.cpp(64): warning C4018: '<': signed/unsigned mismatch
c:\users\jonathon\desktop\uni p14141535\year three\imat3451 - computing project\swat_ai\swat_ai\src\character.cpp(72): warning C4018: '<': signed/unsigned mismatch
c:\users\jonathon\desktop\uni p14141535\year three\imat3451 - computing project\swat_ai\swat_ai\src\character.cpp(109): warning C4244: 'argument': conversion from 'time_t' to 'unsigned int', possible loss of data
c:\users\jonathon\desktop\uni p14141535\year three\imat3451 - computing project\swat_ai\swat_ai\src\character.cpp(233): warning C4018: '<': signed/unsigned mismatch
c:\users\jonathon\desktop\uni p14141535\year three\imat3451 - computing project\swat_ai\swat_ai\src\character.cpp(302): warning C4018: '<': signed/unsigned mismatch
c:\users\jonathon\desktop\uni p14141535\year three\imat3451 - computing project\swat_ai\swat_ai\src\character.cpp(331): warning C4018: '<': signed/unsigned mismatch
c:\users\jonathon\desktop\uni p14141535\year three\imat3451 - computing project\swat_ai\swat_ai\src\character.cpp(352): warning C4018: '<': signed/unsigned mismatch
c:\users\jonathon\desktop\uni p14141535\year three\imat3451 - computing project\swat_ai\swat_ai\src\character.cpp(386): warning C4018: '<': signed/unsigned mismatch
c:\users\jonathon\desktop\uni p14141535\year three\imat3451 - computing project\swat_ai\swat_ai\src\character.cpp(409): warning C4018: '<': signed/unsigned mismatch
c:\users\jonathon\desktop\uni p14141535\year three\imat3451 - computing project\swat_ai\swat_ai\src\character.cpp(547): warning C4018: '<': signed/unsigned mismatch
c:\users\jonathon\desktop\uni p14141535\year three\imat3451 - computing project\swat_ai\swat_ai\src\character.cpp(565): warning C4018: '<': signed/unsigned mismatch
  Button.cpp
c:\users\jonathon\desktop\uni p14141535\year three\imat3451 - computing project\swat_ai\swat_ai\src\button.cpp(9): warning C4244: 'argument': conversion from 'float' to 'unsigned int', possible loss of data
  Bar.cpp
c:\users\jonathon\desktop\uni p14141535\year three\imat3451 - computing project\swat_ai\swat_ai\include\mathutils.h(68): warning C4018: '<': signed/unsigned mismatch
c:\users\jonathon\desktop\uni p14141535\year three\imat3451 - computing project\swat_ai\swat_ai\include\mathutils.h(92): warning C4244: 'argument': conversion from 'double' to 'float', possible loss of data
  AStar.cpp
c:\users\jonathon\desktop\uni p14141535\year three\imat3451 - computing project\swat_ai\swat_ai\src\astar.cpp(11): warning C4244: 'argument': conversion from 'float' to 'unsigned int', possible loss of data
c:\users\jonathon\desktop\uni p14141535\year three\imat3451 - computing project\swat_ai\swat_ai\src\astar.cpp(31): warning C4018: '<': signed/unsigned mismatch
c:\users\jonathon\desktop\uni p14141535\year three\imat3451 - computing project\swat_ai\swat_ai\src\astar.cpp(33): warning C4018: '<': signed/unsigned mismatch
c:\users\jonathon\desktop\uni p14141535\year three\imat3451 - computing project\swat_ai\swat_ai\src\astar.cpp(37): warning C4244: 'argument': conversion from 'float' to 'unsigned int', possible loss of data
c:\users\jonathon\desktop\uni p14141535\year three\imat3451 - computing project\swat_ai\swat_ai\src\astar.cpp(42): warning C4018: '<': signed/unsigned mismatch
c:\users\jonathon\desktop\uni p14141535\year three\imat3451 - computing project\swat_ai\swat_ai\src\astar.cpp(54): warning C4244: 'initializing': conversion from 'float' to 'int', possible loss of data
c:\users\jonathon\desktop\uni p14141535\year three\imat3451 - computing project\swat_ai\swat_ai\src\astar.cpp(55): warning C4244: 'initializing': conversion from 'float' to 'int', possible loss of data
c:\users\jonathon\desktop\uni p14141535\year three\imat3451 - computing project\swat_ai\swat_ai\src\astar.cpp(59): warning C4244: '=': conversion from 'float' to 'int', possible loss of data
c:\users\jonathon\desktop\uni p14141535\year three\imat3451 - computing project\swat_ai\swat_ai\src\astar.cpp(60): warning C4244: '=': conversion from 'float' to 'int', possible loss of data
c:\users\jonathon\desktop\uni p14141535\year three\imat3451 - computing project\swat_ai\swat_ai\src\astar.cpp(67): warning C4018: '<': signed/unsigned mismatch
c:\users\jonathon\desktop\uni p14141535\year three\imat3451 - computing project\swat_ai\swat_ai\src\astar.cpp(76): warning C4018: '<': signed/unsigned mismatch
c:\users\jonathon\desktop\uni p14141535\year three\imat3451 - computing project\swat_ai\swat_ai\src\astar.cpp(99): warning C4018: '<': signed/unsigned mismatch
c:\users\jonathon\desktop\uni p14141535\year three\imat3451 - computing project\swat_ai\swat_ai\src\astar.cpp(104): warning C4244: '=': conversion from 'float' to 'int', possible loss of data
c:\users\jonathon\desktop\uni p14141535\year three\imat3451 - computing project\swat_ai\swat_ai\src\astar.cpp(152): warning C4244: '=': conversion from 'int' to 'float', possible loss of data
c:\users\jonathon\desktop\uni p14141535\year three\imat3451 - computing project\swat_ai\swat_ai\src\astar.cpp(172): warning C4244: 'argument': conversion from 'float' to 'int', possible loss of data
c:\users\jonathon\desktop\uni p14141535\year three\imat3451 - computing project\swat_ai\swat_ai\src\astar.cpp(176): warning C4244: 'argument': conversion from 'float' to 'int', possible loss of data
c:\users\jonathon\desktop\uni p14141535\year three\imat3451 - computing project\swat_ai\swat_ai\src\astar.cpp(188): warning C4244: 'argument': conversion from 'float' to 'int', possible loss of data
c:\users\jonathon\desktop\uni p14141535\year three\imat3451 - computing project\swat_ai\swat_ai\src\astar.cpp(192): warning C4244: 'argument': conversion from 'float' to 'int', possible loss of data
c:\users\jonathon\desktop\uni p14141535\year three\imat3451 - computing project\swat_ai\swat_ai\src\astar.cpp(209): warning C4244: 'argument': conversion from 'float' to 'int', possible loss of data
c:\users\jonathon\desktop\uni p14141535\year three\imat3451 - computing project\swat_ai\swat_ai\src\astar.cpp(213): warning C4244: 'argument': conversion from 'float' to 'int', possible loss of data
c:\users\jonathon\desktop\uni p14141535\year three\imat3451 - computing project\swat_ai\swat_ai\src\astar.cpp(225): warning C4244: 'argument': conversion from 'float' to 'int', possible loss of data
c:\users\jonathon\desktop\uni p14141535\year three\imat3451 - computing project\swat_ai\swat_ai\src\astar.cpp(229): warning C4244: 'argument': conversion from 'float' to 'int', possible loss of data
c:\users\jonathon\desktop\uni p14141535\year three\imat3451 - computing project\swat_ai\swat_ai\src\astar.cpp(237): warning C4244: 'argument': conversion from 'float' to 'int', possible loss of data
c:\users\jonathon\desktop\uni p14141535\year three\imat3451 - computing project\swat_ai\swat_ai\src\astar.cpp(243): warning C4244: 'argument': conversion from 'float' to 'int', possible loss of data
c:\users\jonathon\desktop\uni p14141535\year three\imat3451 - computing project\swat_ai\swat_ai\src\astar.cpp(251): warning C4018: '<': signed/unsigned mismatch
c:\users\jonathon\desktop\uni p14141535\year three\imat3451 - computing project\swat_ai\swat_ai\src\astar.cpp(295): warning C4018: '<': signed/unsigned mismatch
c:\users\jonathon\desktop\uni p14141535\year three\imat3451 - computing project\swat_ai\swat_ai\src\astar.cpp(297): warning C4018: '<': signed/unsigned mismatch
c:\users\jonathon\desktop\uni p14141535\year three\imat3451 - computing project\swat_ai\swat_ai\src\astar.cpp(310): warning C4244: 'argument': conversion from 'float' to 'unsigned int', possible loss of data
c:\users\jonathon\desktop\uni p14141535\year three\imat3451 - computing project\swat_ai\swat_ai\src\astar.cpp(315): warning C4018: '<': signed/unsigned mismatch
c:\users\jonathon\desktop\uni p14141535\year three\imat3451 - computing project\swat_ai\swat_ai\src\astar.cpp(319): warning C4018: '<': signed/unsigned mismatch
  Generating Code...
c:\users\jonathon\desktop\uni p14141535\year three\imat3451 - computing project\swat_ai\swat_ai\src\character.cpp(654): warning C4715: 'Character::getNextLoadoutItem': not all control paths return a value
  SWAT_AI.vcxproj -> C:\Users\Jonathon\Desktop\Uni P14141535\Year Three\IMAT3451 - Computing Project\SWAT_AI\Win32\Debug\SWAT_AI.exe
  SWAT_AI.vcxproj -> C:\Users\Jonathon\Desktop\Uni P14141535\Year Three\IMAT3451 - Computing Project\SWAT_AI\Win32\Debug\SWAT_AI.pdb (Partial PDB)
