c:\users\jonathon\desktop\uni p14141535\year three\imat3451 - computing project\swat_ai\swat_ai\x64\debug\vc140.pdb
c:\users\jonathon\desktop\uni p14141535\year three\imat3451 - computing project\swat_ai\swat_ai\x64\debug\vc140.idb
c:\users\jonathon\desktop\uni p14141535\year three\imat3451 - computing project\swat_ai\swat_ai\x64\debug\game.obj
c:\users\jonathon\desktop\uni p14141535\year three\imat3451 - computing project\swat_ai\swat_ai\x64\debug\main.obj
c:\users\jonathon\desktop\uni p14141535\year three\imat3451 - computing project\swat_ai\swat_ai\x64\debug\character.obj
c:\users\jonathon\desktop\uni p14141535\year three\imat3451 - computing project\swat_ai\swat_ai\x64\debug\textureloader.obj
c:\users\jonathon\desktop\uni p14141535\year three\imat3451 - computing project\swat_ai\swat_ai\x64\debug\astar.obj
c:\users\jonathon\desktop\uni p14141535\year three\imat3451 - computing project\swat_ai\swat_ai\x64\debug\map.obj
c:\users\jonathon\desktop\uni p14141535\year three\imat3451 - computing project\swat_ai\x64\debug\swat_ai.pdb
c:\users\jonathon\desktop\uni p14141535\year three\imat3451 - computing project\swat_ai\swat_ai\x64\debug\swat_ai.tlog\cl.command.1.tlog
c:\users\jonathon\desktop\uni p14141535\year three\imat3451 - computing project\swat_ai\swat_ai\x64\debug\swat_ai.tlog\cl.read.1.tlog
c:\users\jonathon\desktop\uni p14141535\year three\imat3451 - computing project\swat_ai\swat_ai\x64\debug\swat_ai.tlog\cl.write.1.tlog
c:\users\jonathon\desktop\uni p14141535\year three\imat3451 - computing project\swat_ai\swat_ai\x64\debug\swat_ai.tlog\link.680-cvtres.read.1.tlog
c:\users\jonathon\desktop\uni p14141535\year three\imat3451 - computing project\swat_ai\swat_ai\x64\debug\swat_ai.tlog\link.680-cvtres.write.1.tlog
c:\users\jonathon\desktop\uni p14141535\year three\imat3451 - computing project\swat_ai\swat_ai\x64\debug\swat_ai.tlog\link.680-rc.read.1.tlog
c:\users\jonathon\desktop\uni p14141535\year three\imat3451 - computing project\swat_ai\swat_ai\x64\debug\swat_ai.tlog\link.680-rc.write.1.tlog
c:\users\jonathon\desktop\uni p14141535\year three\imat3451 - computing project\swat_ai\swat_ai\x64\debug\swat_ai.tlog\link.680.read.1.tlog
c:\users\jonathon\desktop\uni p14141535\year three\imat3451 - computing project\swat_ai\swat_ai\x64\debug\swat_ai.tlog\link.680.write.1.tlog
c:\users\jonathon\desktop\uni p14141535\year three\imat3451 - computing project\swat_ai\swat_ai\x64\debug\swat_ai.tlog\link.command.1.tlog
c:\users\jonathon\desktop\uni p14141535\year three\imat3451 - computing project\swat_ai\swat_ai\x64\debug\swat_ai.tlog\link.read.1.tlog
c:\users\jonathon\desktop\uni p14141535\year three\imat3451 - computing project\swat_ai\swat_ai\x64\debug\swat_ai.tlog\link.write.1.tlog
