  AStar.cpp
c:\users\jonathon\desktop\uni p14141535\year three\imat3451 - computing project\swat_ai\swat_ai\src\astar.cpp(16): warning C4244: 'argument': conversion from 'float' to 'unsigned __int64', possible loss of data
c:\users\jonathon\desktop\uni p14141535\year three\imat3451 - computing project\swat_ai\swat_ai\src\astar.cpp(82): warning C4244: '=': conversion from 'float' to 'int', possible loss of data
c:\users\jonathon\desktop\uni p14141535\year three\imat3451 - computing project\swat_ai\swat_ai\src\astar.cpp(131): warning C4244: 'argument': conversion from 'float' to 'unsigned __int64', possible loss of data
c:\users\jonathon\desktop\uni p14141535\year three\imat3451 - computing project\swat_ai\swat_ai\src\astar.cpp(156): warning C4244: '=': conversion from 'int' to 'float', possible loss of data
c:\users\jonathon\desktop\uni p14141535\year three\imat3451 - computing project\swat_ai\swat_ai\src\astar.cpp(176): warning C4244: 'argument': conversion from 'float' to 'int', possible loss of data
c:\users\jonathon\desktop\uni p14141535\year three\imat3451 - computing project\swat_ai\swat_ai\src\astar.cpp(180): warning C4244: 'argument': conversion from 'float' to 'int', possible loss of data
c:\users\jonathon\desktop\uni p14141535\year three\imat3451 - computing project\swat_ai\swat_ai\src\astar.cpp(192): warning C4244: 'argument': conversion from 'float' to 'int', possible loss of data
c:\users\jonathon\desktop\uni p14141535\year three\imat3451 - computing project\swat_ai\swat_ai\src\astar.cpp(196): warning C4244: 'argument': conversion from 'float' to 'int', possible loss of data
c:\users\jonathon\desktop\uni p14141535\year three\imat3451 - computing project\swat_ai\swat_ai\src\astar.cpp(213): warning C4244: 'argument': conversion from 'float' to 'int', possible loss of data
c:\users\jonathon\desktop\uni p14141535\year three\imat3451 - computing project\swat_ai\swat_ai\src\astar.cpp(217): warning C4244: 'argument': conversion from 'float' to 'int', possible loss of data
c:\users\jonathon\desktop\uni p14141535\year three\imat3451 - computing project\swat_ai\swat_ai\src\astar.cpp(229): warning C4244: 'argument': conversion from 'float' to 'int', possible loss of data
c:\users\jonathon\desktop\uni p14141535\year three\imat3451 - computing project\swat_ai\swat_ai\src\astar.cpp(233): warning C4244: 'argument': conversion from 'float' to 'int', possible loss of data
c:\users\jonathon\desktop\uni p14141535\year three\imat3451 - computing project\swat_ai\swat_ai\src\astar.cpp(241): warning C4244: 'argument': conversion from 'float' to 'int', possible loss of data
c:\users\jonathon\desktop\uni p14141535\year three\imat3451 - computing project\swat_ai\swat_ai\src\astar.cpp(247): warning C4244: 'argument': conversion from 'float' to 'int', possible loss of data
  Generating Code...
  Compiling...
  main.cpp
  Game.cpp
  Generating Code...
  Skipping... (no relevant changes detected)
  Character.cpp
  SWAT_AI.vcxproj -> C:\Users\Jonathon\Desktop\Uni P14141535\Year Three\IMAT3451 - Computing Project\SWAT_AI\x64\Debug\SWAT_AI.exe
  SWAT_AI.vcxproj -> C:\Users\Jonathon\Desktop\Uni P14141535\Year Three\IMAT3451 - Computing Project\SWAT_AI\x64\Debug\SWAT_AI.pdb (Partial PDB)
