c:\users\jonathon\desktop\uni p14141535\year three\imat3451 - computing project\swat_ai\swat_ai\temp\x64\debug\vc141.pdb
c:\users\jonathon\desktop\uni p14141535\year three\imat3451 - computing project\swat_ai\swat_ai\temp\x64\debug\vc141.idb
c:\users\jonathon\desktop\uni p14141535\year three\imat3451 - computing project\swat_ai\swat_ai\temp\x64\debug\bar.obj
c:\users\jonathon\desktop\uni p14141535\year three\imat3451 - computing project\swat_ai\swat_ai\temp\x64\debug\button.obj
c:\users\jonathon\desktop\uni p14141535\year three\imat3451 - computing project\swat_ai\swat_ai\temp\x64\debug\character.obj
c:\users\jonathon\desktop\uni p14141535\year three\imat3451 - computing project\swat_ai\swat_ai\temp\x64\debug\editor.obj
c:\users\jonathon\desktop\uni p14141535\year three\imat3451 - computing project\swat_ai\swat_ai\temp\x64\debug\entrance.obj
c:\users\jonathon\desktop\uni p14141535\year three\imat3451 - computing project\swat_ai\swat_ai\temp\x64\debug\fontmanager.obj
c:\users\jonathon\desktop\uni p14141535\year three\imat3451 - computing project\swat_ai\swat_ai\temp\x64\debug\game.obj
c:\users\jonathon\desktop\uni p14141535\year three\imat3451 - computing project\swat_ai\swat_ai\temp\x64\debug\hudwindow.obj
c:\users\jonathon\desktop\uni p14141535\year three\imat3451 - computing project\swat_ai\swat_ai\temp\x64\debug\main.obj
c:\users\jonathon\desktop\uni p14141535\year three\imat3451 - computing project\swat_ai\swat_ai\temp\x64\debug\map.obj
c:\users\jonathon\desktop\uni p14141535\year three\imat3451 - computing project\swat_ai\swat_ai\temp\x64\debug\menu.obj
c:\users\jonathon\desktop\uni p14141535\year three\imat3451 - computing project\swat_ai\swat_ai\temp\x64\debug\object.obj
c:\users\jonathon\desktop\uni p14141535\year three\imat3451 - computing project\swat_ai\swat_ai\temp\x64\debug\options.obj
c:\users\jonathon\desktop\uni p14141535\year three\imat3451 - computing project\swat_ai\swat_ai\temp\x64\debug\settings.obj
c:\users\jonathon\desktop\uni p14141535\year three\imat3451 - computing project\swat_ai\swat_ai\temp\x64\debug\slider.obj
c:\users\jonathon\desktop\uni p14141535\year three\imat3451 - computing project\swat_ai\swat_ai\temp\x64\debug\soundmanager.obj
c:\users\jonathon\desktop\uni p14141535\year three\imat3451 - computing project\swat_ai\swat_ai\temp\x64\debug\throwable.obj
c:\users\jonathon\desktop\uni p14141535\year three\imat3451 - computing project\swat_ai\swat_ai\temp\x64\debug\waveeffect.obj
c:\users\jonathon\desktop\uni p14141535\year three\imat3451 - computing project\swat_ai\swat_ai\temp\x64\debug\textureloader.obj
c:\users\jonathon\desktop\uni p14141535\year three\imat3451 - computing project\swat_ai\swat_ai\temp\x64\debug\weapon.obj
c:\users\jonathon\desktop\uni p14141535\year three\imat3451 - computing project\swat_ai\swat_ai\temp\x64\debug\astar.obj
c:\users\jonathon\desktop\uni p14141535\year three\imat3451 - computing project\swat_ai\swat_ai\temp\x64\debug\baseai.obj
c:\users\jonathon\desktop\uni p14141535\year three\imat3451 - computing project\swat_ai\swat_ai\temp\x64\debug\contentscreen.obj
c:\users\jonathon\desktop\uni p14141535\year three\imat3451 - computing project\swat_ai\swat_ai\temp\x64\debug\enemyai.obj
c:\users\jonathon\desktop\uni p14141535\year three\imat3451 - computing project\swat_ai\swat_ai\temp\x64\debug\aicontroller.obj
c:\users\jonathon\desktop\uni p14141535\year three\imat3451 - computing project\swat_ai\swat_ai\temp\x64\debug\collider.obj
c:\users\jonathon\desktop\uni p14141535\year three\imat3451 - computing project\swat_ai\x64\debug\swat_ai.ilk
c:\users\jonathon\desktop\uni p14141535\year three\imat3451 - computing project\swat_ai\x64\debug\swat_ai.exe
c:\users\jonathon\desktop\uni p14141535\year three\imat3451 - computing project\swat_ai\x64\debug\swat_ai.pdb
c:\users\jonathon\desktop\uni p14141535\year three\imat3451 - computing project\swat_ai\swat_ai\temp\x64\debug\collidable.obj
c:\users\jonathon\desktop\uni p14141535\year three\imat3451 - computing project\swat_ai\swat_ai\temp\x64\debug\soundwave.obj
c:\users\jonathon\desktop\uni p14141535\year three\imat3451 - computing project\swat_ai\swat_ai\temp\x64\debug\astar.obj.enc
c:\users\jonathon\desktop\uni p14141535\year three\imat3451 - computing project\swat_ai\swat_ai\temp\x64\debug\baseai.obj.enc
c:\users\jonathon\desktop\uni p14141535\year three\imat3451 - computing project\swat_ai\swat_ai\temp\x64\debug\character.obj.enc
c:\users\jonathon\desktop\uni p14141535\year three\imat3451 - computing project\swat_ai\swat_ai\temp\x64\debug\editor.obj.enc
c:\users\jonathon\desktop\uni p14141535\year three\imat3451 - computing project\swat_ai\swat_ai\temp\x64\debug\game.obj.enc
c:\users\jonathon\desktop\uni p14141535\year three\imat3451 - computing project\swat_ai\swat_ai\temp\x64\debug\vc140.idb
c:\users\jonathon\desktop\uni p14141535\year three\imat3451 - computing project\swat_ai\swat_ai\temp\x64\debug\vc140.pdb
c:\users\jonathon\desktop\uni p14141535\year three\imat3451 - computing project\swat_ai\swat_ai\temp\x64\debug\swat_ai.tlog\cl.command.1.tlog
c:\users\jonathon\desktop\uni p14141535\year three\imat3451 - computing project\swat_ai\swat_ai\temp\x64\debug\swat_ai.tlog\cl.read.1.tlog
c:\users\jonathon\desktop\uni p14141535\year three\imat3451 - computing project\swat_ai\swat_ai\temp\x64\debug\swat_ai.tlog\cl.write.1.tlog
c:\users\jonathon\desktop\uni p14141535\year three\imat3451 - computing project\swat_ai\swat_ai\temp\x64\debug\swat_ai.tlog\link.command.1.tlog
c:\users\jonathon\desktop\uni p14141535\year three\imat3451 - computing project\swat_ai\swat_ai\temp\x64\debug\swat_ai.tlog\link.read.1.tlog
c:\users\jonathon\desktop\uni p14141535\year three\imat3451 - computing project\swat_ai\swat_ai\temp\x64\debug\swat_ai.tlog\link.write.1.tlog
