  AStar.cpp
src\AStar.cpp(16): warning C4244: 'argument': conversion from 'float' to 'unsigned int', possible loss of data
src\AStar.cpp(45): warning C4018: '<': signed/unsigned mismatch
src\AStar.cpp(54): warning C4018: '<': signed/unsigned mismatch
src\AStar.cpp(77): warning C4018: '<': signed/unsigned mismatch
src\AStar.cpp(82): warning C4244: '=': conversion from 'float' to 'int', possible loss of data
src\AStar.cpp(125): warning C4018: '<': signed/unsigned mismatch
src\AStar.cpp(127): warning C4018: '<': signed/unsigned mismatch
src\AStar.cpp(131): warning C4244: 'argument': conversion from 'float' to 'unsigned int', possible loss of data
src\AStar.cpp(136): warning C4018: '<': signed/unsigned mismatch
src\AStar.cpp(156): warning C4244: '=': conversion from 'int' to 'float', possible loss of data
src\AStar.cpp(176): warning C4244: 'argument': conversion from 'float' to 'int', possible loss of data
src\AStar.cpp(180): warning C4244: 'argument': conversion from 'float' to 'int', possible loss of data
src\AStar.cpp(192): warning C4244: 'argument': conversion from 'float' to 'int', possible loss of data
src\AStar.cpp(196): warning C4244: 'argument': conversion from 'float' to 'int', possible loss of data
src\AStar.cpp(213): warning C4244: 'argument': conversion from 'float' to 'int', possible loss of data
src\AStar.cpp(217): warning C4244: 'argument': conversion from 'float' to 'int', possible loss of data
src\AStar.cpp(229): warning C4244: 'argument': conversion from 'float' to 'int', possible loss of data
src\AStar.cpp(233): warning C4244: 'argument': conversion from 'float' to 'int', possible loss of data
src\AStar.cpp(241): warning C4244: 'argument': conversion from 'float' to 'int', possible loss of data
src\AStar.cpp(247): warning C4244: 'argument': conversion from 'float' to 'int', possible loss of data
src\AStar.cpp(255): warning C4018: '<': signed/unsigned mismatch
src\AStar.cpp(308): warning C4244: 'argument': conversion from 'float' to 'unsigned int', possible loss of data
src\AStar.cpp(317): warning C4244: 'argument': conversion from 'float' to 'unsigned int', possible loss of data
src\AStar.cpp(334): warning C4244: 'argument': conversion from 'float' to 'unsigned int', possible loss of data
src\AStar.cpp(342): warning C4244: 'argument': conversion from 'float' to 'unsigned int', possible loss of data
src\AStar.cpp(352): warning C4244: 'argument': conversion from 'float' to 'unsigned int', possible loss of data
src\AStar.cpp(361): warning C4244: 'argument': conversion from 'float' to 'unsigned int', possible loss of data
  Bar.cpp
  Character.cpp
src\Character.cpp(16): warning C4018: '<': signed/unsigned mismatch
src\Character.cpp(94): warning C4018: '<': signed/unsigned mismatch
src\Character.cpp(129): warning C4018: '<': signed/unsigned mismatch
  Game.cpp
src\Game.cpp(30): warning C4018: '<': signed/unsigned mismatch
src\Game.cpp(32): warning C4018: '<': signed/unsigned mismatch
src\Game.cpp(46): warning C4018: '<': signed/unsigned mismatch
src\Game.cpp(71): warning C4018: '<': signed/unsigned mismatch
src\Game.cpp(89): warning C4018: '<': signed/unsigned mismatch
  main.cpp
  Map.cpp
src\Map.cpp(35): warning C4018: '>': signed/unsigned mismatch
src\Map.cpp(41): warning C4018: '<': signed/unsigned mismatch
src\Map.cpp(53): warning C4244: '=': conversion from 'int' to 'float', possible loss of data
src\Map.cpp(54): warning C4244: '=': conversion from 'unsigned int' to 'float', possible loss of data
src\Map.cpp(64): warning C4244: 'argument': conversion from 'float' to 'std::size_t', possible loss of data
src\Map.cpp(70): warning C4244: 'argument': conversion from 'unsigned int' to 'float', possible loss of data
src\Map.cpp(76): warning C4244: 'argument': conversion from 'float' to 'std::size_t', possible loss of data
src\Map.cpp(77): warning C4244: 'argument': conversion from 'float' to 'std::size_t', possible loss of data
src\Map.cpp(77): warning C4244: 'argument': conversion from 'unsigned int' to 'float', possible loss of data
  Object.cpp
src\Object.cpp(27): warning C4244: 'argument': conversion from 'float' to 'int', possible loss of data
  TextureLoader.cpp
src\TextureLoader.cpp(13): warning C4018: '<': signed/unsigned mismatch
  Weapon.cpp
src\Weapon.cpp(8): warning C4018: '<': signed/unsigned mismatch
  Generating code
  597 of 1196 functions (49.9%) were compiled, the rest were copied from previous compilation.
    443 functions were new in current compilation
    58 functions had inline decision re-evaluated but remain unchanged
  Finished generating code
  SWAT_AI.vcxproj -> C:\Users\Jonathon\Desktop\Uni P14141535\Year Three\IMAT3451 - Computing Project\SWAT_AI\Win32\Release\SWAT_AI.exe
  SWAT_AI.vcxproj -> C:\Users\Jonathon\Desktop\Uni P14141535\Year Three\IMAT3451 - Computing Project\SWAT_AI\Win32\Release\SWAT_AI.pdb (Full PDB)
